This is pdfTeX, Version 3.14159-1.10b (Web2C 7.4.5) (format=pdflatex 2004.1.19)  3 MAY 2004 15:20
**refman.tex
(./refman.tex{/usr/share/texmf/pdftex/config/pdftex.cfg}
LaTeX2e <2001/06/01>
Babel <v3.7h> and hyphenation patterns for american, french, german, ngerman, n
ohyphenation, loaded.
(/usr/share/texmf/tex/latex/base/book.cls
Document Class: book 2001/04/21 v1.4e Standard LaTeX document class
(/usr/share/texmf/tex/latex/base/bk10.clo
File: bk10.clo 2001/04/21 v1.4e Standard LaTeX file (size option)
)
\c@part=\count79
\c@chapter=\count80
\c@section=\count81
\c@subsection=\count82
\c@subsubsection=\count83
\c@paragraph=\count84
\c@subparagraph=\count85
\c@figure=\count86
\c@table=\count87
\abovecaptionskip=\skip41
\belowcaptionskip=\skip42
\bibindent=\dimen102
)
(/usr/share/texmf/tex/latex/misc/a4wide.sty
Package: a4wide 1994/08/30

(/usr/share/texmf/tex/latex/ntgclass/a4.sty
Package: a4 1999/03/03 v1.2f A4 based page layout
))
(/usr/share/texmf/tex/latex/base/makeidx.sty
Package: makeidx 2000/03/29 v1.0m Standard LaTeX package
)
(/usr/share/texmf/tex/latex/fancyhdr/fancyhdr.sty
\headwidth=\dimen103
)
(/usr/share/texmf/tex/latex/graphics/graphicx.sty
Package: graphicx 1999/02/16 v1.0f Enhanced LaTeX Graphics (DPC,SPQR)

(/usr/share/texmf/tex/latex/graphics/keyval.sty
Package: keyval 1999/03/16 v1.13 key=value parser (DPC)
\KV@toks@=\toks14
)
(/usr/share/texmf/tex/latex/graphics/graphics.sty
Package: graphics 2001/07/07 v1.0n Standard LaTeX Graphics (DPC,SPQR)

(/usr/share/texmf/tex/latex/graphics/trig.sty
Package: trig 1999/03/16 v1.09 sin cos tan (DPC)
)
(/usr/share/texmf/tex/latex/config/graphics.cfg
File: graphics.cfg 2001/08/31 v1.1 graphics configuration of teTeX/TeXLive
)
Package graphics Info: Driver file: pdftex.def on input line 80.

(/usr/share/texmf/tex/latex/graphics/pdftex.def
File: pdftex.def 2002/06/19 v0.03k graphics/color for pdftex
\Gread@gobject=\count88
))
\Gin@req@height=\dimen104
\Gin@req@width=\dimen105
)
(/usr/share/texmf/tex/latex/tools/multicol.sty
Package: multicol 2000/07/10 v1.5z multicolumn formatting (FMi)
\c@tracingmulticols=\count89
\mult@box=\box26
\multicol@leftmargin=\dimen106
\c@unbalance=\count90
\c@collectmore=\count91
\doublecol@number=\count92
\multicoltolerance=\count93
\multicolpretolerance=\count94
\full@width=\dimen107
\page@free=\dimen108
\premulticols=\dimen109
\postmulticols=\dimen110
\multicolsep=\skip43
\multicolbaselineskip=\skip44
\partial@page=\box27
\last@line=\box28
\mult@rightbox=\box29
\mult@grightbox=\box30
\mult@gfirstbox=\box31
\mult@firstbox=\box32
\@tempa=\box33
\@tempa=\box34
\@tempa=\box35
\@tempa=\box36
\@tempa=\box37
\@tempa=\box38
\@tempa=\box39
\@tempa=\box40
\@tempa=\box41
\@tempa=\box42
\@tempa=\box43
\@tempa=\box44
\@tempa=\box45
\@tempa=\box46
\@tempa=\box47
\@tempa=\box48
\@tempa=\box49
\c@columnbadness=\count95
\c@finalcolumnbadness=\count96
\last@try=\dimen111
\multicolovershoot=\dimen112
\multicolundershoot=\dimen113
\mult@nat@firstbox=\box50
\colbreak@box=\box51
)
(/usr/share/texmf/tex/latex/misc/float.sty
Package: float 2001/11/08 v1.3d Float enhancements (AL)
\c@float@type=\count97
\float@exts=\toks15
\float@box=\box52
\@float@everytoks=\toks16
\@floatcapt=\box53
)
(/usr/share/texmf/tex/latex/base/textcomp.sty
Package: textcomp 2001/06/05 v1.94 Standard LaTeX package

(/usr/share/texmf/tex/latex/base/ts1enc.def
File: ts1enc.def 2001/06/05 v3.0e (jk/car/fm) Standard LaTeX file
))
(/usr/share/texmf/tex/latex/base/alltt.sty
Package: alltt 1997/06/16 v2.0g defines alltt environment
) (./doxygen.sty
Package: doxygen 

(/usr/share/texmf/tex/latex/tools/calc.sty
Package: calc 1998/07/07 v4.1b Infix arithmetic (KKT,FJ)
\calc@Acount=\count98
\calc@Bcount=\count99
\calc@Adimen=\dimen114
\calc@Bdimen=\dimen115
\calc@Askip=\skip45
\calc@Bskip=\skip46
LaTeX Info: Redefining \setlength on input line 59.
LaTeX Info: Redefining \addtolength on input line 60.
\calc@denominator=\count100
)
(/usr/share/texmf/tex/latex/tools/array.sty
Package: array 1998/05/13 v2.3m Tabular extension package (FMi)
\col@sep=\dimen116
\extrarowheight=\dimen117
\NC@list=\toks17
\extratabsurround=\skip47
\backup@length=\skip48
)
\tmplength=\skip49
)
(/usr/share/texmf/tex/latex/base/fontenc.sty
Package: fontenc 2001/06/05 v1.94 Standard LaTeX package

(/usr/share/texmf/tex/latex/base/t1enc.def
File: t1enc.def 2001/06/05 v1.94 Standard LaTeX file
LaTeX Font Info:    Redeclaring font encoding T1 on input line 38.
))
\@indexfile=\write3
\openout3 = `refman.idx'.


Writing index file refman.idx
(./refman.aux (./structdataset.aux) (./structframe.aux) (./structlight.aux)
(./control_8h.aux) (./convert_8h.aux) (./display_8h.aux) (./file_8h.aux)
(./graph_8h.aux) (./lights_8h.aux) (./main_8h.aux) (./movie_8h.aux)
(./savegraph_8h.aux) (./screenshot_8h.aux))
\openout1 = `refman.aux'.

LaTeX Font Info:    Checking defaults for OML/cmm/m/it on input line 14.
LaTeX Font Info:    ... okay on input line 14.
LaTeX Font Info:    Checking defaults for T1/cmr/m/n on input line 14.
LaTeX Font Info:    ... okay on input line 14.
LaTeX Font Info:    Checking defaults for OT1/cmr/m/n on input line 14.
LaTeX Font Info:    ... okay on input line 14.
LaTeX Font Info:    Checking defaults for OMS/cmsy/m/n on input line 14.
LaTeX Font Info:    ... okay on input line 14.
LaTeX Font Info:    Checking defaults for OMX/cmex/m/n on input line 14.
LaTeX Font Info:    ... okay on input line 14.
LaTeX Font Info:    Checking defaults for U/cmr/m/n on input line 14.
LaTeX Font Info:    ... okay on input line 14.
LaTeX Font Info:    Checking defaults for TS1/cmr/m/n on input line 14.
LaTeX Font Info:    Try loading font information for TS1+cmr on input line 14.

(/usr/share/texmf/tex/latex/base/ts1cmr.fd
File: ts1cmr.fd 1999/05/25 v2.5h Standard LaTeX font definitions
)
LaTeX Font Info:    ... okay on input line 14.

(/usr/share/texmf/tex/context/base/supp-pdf.tex
(/usr/share/texmf/tex/context/base/supp-mis.tex
loading : Context Support Macros / Missing
\protectiondepth=\count101
\scratchcounter=\count102
\scratchtoks=\toks18
\scratchdimen=\dimen118
\scratchskip=\skip50
\scratchmuskip=\muskip10
\scratchbox=\box54
\scratchread=\read1
\scratchwrite=\write4
\zeropoint=\dimen119
\minusone=\count103
\thousandpoint=\dimen120
\emptytoks=\toks19
\nextbox=\box55
\nextdepth=\dimen121
\everyline=\toks20
\!!counta=\count104
\!!countb=\count105
\recursecounter=\count106
)
loading : Context Support Macros / PDF
\nofMPsegments=\count107
\nofMParguments=\count108
\everyMPtoPDFconversion=\toks21
) [1


{/usr/share/texmf/dvips/config/pdftex.map}] [2

] (./refman.toc
LaTeX Font Info:    External font `cmex10' loaded for size
(Font)              <7> on input line 2.
LaTeX Font Info:    External font `cmex10' loaded for size
(Font)              <5> on input line 2.
)
\tf@toc=\write5
\openout5 = `refman.toc'.

 [1

] [2

]
Chapter 1.
(./annotated.tex) [1

] [2

]
Chapter 2.
(./files.tex

LaTeX Warning: Reference `config_8c' on page 3 undefined on input line 3.


LaTeX Warning: Reference `control_8c' on page 3 undefined on input line 5.


LaTeX Warning: Reference `convert_8c' on page 3 undefined on input line 7.


LaTeX Warning: Reference `display_8c' on page 3 undefined on input line 9.


LaTeX Warning: Reference `file_8c' on page 3 undefined on input line 11.


LaTeX Warning: Reference `graph_8c' on page 3 undefined on input line 13.


LaTeX Warning: Reference `lights_8c' on page 3 undefined on input line 15.


LaTeX Warning: Reference `main_8c' on page 3 undefined on input line 17.


LaTeX Warning: Reference `movie_8c' on page 3 undefined on input line 19.


LaTeX Warning: Reference `plot_8h' on page 3 undefined on input line 21.


LaTeX Warning: Reference `savegraph_8c' on page 3 undefined on input line 22.


LaTeX Warning: Reference `screenshot_8c' on page 3 undefined on input line 24.

) [3] [4

]
Chapter 3.
(./structconfig.tex
LaTeX Font Info:    Try loading font information for T1+cmtt on input line 3.
 (/usr/share/texmf/tex/latex/base/t1cmtt.fd
File: t1cmtt.fd 1999/05/25 v2.5h Standard LaTeX font definitions
) [5]) [6]
\openout2 = `structdataset.aux'.


(./structdataset.tex) [7

] [8]
\openout2 = `structframe.aux'.

 (./structframe.tex) [9


]
\openout2 = `structlight.aux'.

 (./structlight.tex)
[10


]
Chapter 4.
(./config_8h.tex [11


]
Underfull \hbox (badness 10000) in paragraph at lines 37--37

 []


Underfull \hbox (badness 10000) in paragraph at lines 42--42

 []

) [12]
\openout2 = `control_8h.aux'.

 (./control_8h.tex
Underfull \hbox (badness 10000) in paragraph at lines 37--37

 []


Underfull \hbox (badness 10000) in paragraph at lines 51--51

 []

[13

]) [14]
\openout2 = `convert_8h.aux'.

 (./convert_8h.tex
Underfull \hbox (badness 10000) in paragraph at lines 52--52

 []


Underfull \hbox (badness 10000) in paragraph at lines 57--57

 []

[15


]
Underfull \hbox (badness 10000) in paragraph at lines 68--68

 []


Underfull \hbox (badness 10000) in paragraph at lines 73--73

 []


Underfull \hbox (badness 10000) in paragraph at lines 84--84

 []


Underfull \hbox (badness 10000) in paragraph at lines 89--89

 []

) [16]
\openout2 = `display_8h.aux'.

 (./display_8h.tex
Underfull \hbox (badness 10000) in paragraph at lines 63--63

 []

[17


]
Underfull \hbox (badness 10000) in paragraph at lines 94--94

 []


Underfull \hbox (badness 10000) in paragraph at lines 158--158

 []

[18]) [19]
\openout2 = `file_8h.aux'.

 (./file_8h.tex
Underfull \hbox (badness 10000) in paragraph at lines 38--38

 []


Underfull \hbox (badness 10000) in paragraph at lines 52--52

 []


Underfull \hbox (badness 10000) in paragraph at lines 57--57

 []


Underfull \hbox (badness 10000) in paragraph at lines 68--68

 []


Underfull \hbox (badness 10000) in paragraph at lines 73--73

 []

[20


]
Underfull \hbox (badness 10000) in paragraph at lines 84--84

 []


Underfull \hbox (badness 10000) in paragraph at lines 89--89

 []


Underfull \hbox (badness 10000) in paragraph at lines 100--100

 []


Underfull \hbox (badness 10000) in paragraph at lines 105--105

 []

) [21]
\openout2 = `graph_8h.aux'.

 (./graph_8h.tex
Underfull \hbox (badness 10000) in paragraph at lines 38--38

 []


Underfull \hbox (badness 10000) in paragraph at lines 43--43

 []


Underfull \hbox (badness 10000) in paragraph at lines 61--61

 []


Underfull \hbox (badness 10000) in paragraph at lines 66--66

 []

[22


]
Underfull \hbox (badness 10000) in paragraph at lines 79--79

 []


Underfull \hbox (badness 10000) in paragraph at lines 93--93

 []


Underfull \hbox (badness 10000) in paragraph at lines 98--98

 []

) [23]
\openout2 = `lights_8h.aux'.

 (./lights_8h.tex
Underfull \hbox (badness 10000) in paragraph at lines 41--41

 []


Underfull \hbox (badness 10000) in paragraph at lines 46--46

 []


Underfull \hbox (badness 10000) in paragraph at lines 57--57

 []


Underfull \hbox (badness 10000) in paragraph at lines 71--71

 []

[24


]
Underfull \hbox (badness 10000) in paragraph at lines 85--85

 []

) [25]
\openout2 = `main_8h.aux'.

 (./main_8h.tex) [26


]
\openout2 = `movie_8h.aux'.

 (./movie_8h.tex
Underfull \hbox (badness 10000) in paragraph at lines 58--58

 []

[27


]
Underfull \hbox (badness 10000) in paragraph at lines 79--79

 []


Underfull \hbox (badness 10000) in paragraph at lines 84--84

 []


Underfull \hbox (badness 10000) in paragraph at lines 95--95

 []

) [28]
\openout2 = `savegraph_8h.aux'.

 (./savegraph_8h.tex
Underfull \hbox (badness 10000) in paragraph at lines 33--33

 []


Underfull \hbox (badness 10000) in paragraph at lines 38--38

 []


Underfull \hbox (badness 10000) in paragraph at lines 49--49

 []


Underfull \hbox (badness 10000) in paragraph at lines 54--54

 []


Underfull \hbox (badness 10000) in paragraph at lines 65--65

 []


Underfull \hbox (badness 2707) in paragraph at lines 67--67
[]/ecrm1000/Contents im-age via of gl-Read-Pixels(x, y, width, height, GL_-BGR,
 GL_-
 []

[29


]
Underfull \hbox (badness 10000) in paragraph at lines 70--70

 []

) [30]
\openout2 = `screenshot_8h.aux'.

 (./screenshot_8h.tex
Underfull \hbox (badness 10000) in paragraph at lines 44--44

 []


Overfull \hbox (6.45853pt too wide) in paragraph at lines 48--50
[]/ecrm1000/PPM - /ectt1000/http://netghost.narod.ru/gff/vendspec/pbm/ppm.txt
 []


Overfull \hbox (5.34767pt too wide) in paragraph at lines 50--52
[]/ecrm1000/TGA - /ectt1000/http://netghost.narod.ru/gff/vendspec/tga/tga.txt
 []


Overfull \hbox (22.77676pt too wide) in paragraph at lines 52--54
[]/ecrm1000/BMP - /ectt1000/http://netghost.narod.ru/gff/vendspec/micbmp/bmp.tx
t
 []


Underfull \hbox (badness 10000) in paragraph at lines 68--68

 []

[31


]
Underfull \hbox (badness 10000) in paragraph at lines 73--73

 []


Underfull \hbox (badness 10000) in paragraph at lines 82--82

 []


Underfull \hbox (badness 10000) in paragraph at lines 87--87

 []


Underfull \hbox (badness 10000) in paragraph at lines 96--96

 []


Underfull \hbox (badness 10000) in paragraph at lines 101--101

 []


Underfull \hbox (badness 10000) in paragraph at lines 112--112

 []


Underfull \hbox (badness 10000) in paragraph at lines 117--117

 []

[32]
Underfull \hbox (badness 10000) in paragraph at lines 126--126

 []


Underfull \hbox (badness 2707) in paragraph at lines 128--128
[]/ecrm1000/Contents im-age via of gl-Read-Pixels(x, y, width, height, GL_-BGR,
 GL_-
 []


Underfull \hbox (badness 10000) in paragraph at lines 131--131

 []

) [33] (./refman.ind [34


] [35] [36]) (./refman.aux (./structdataset.aux)
(./structframe.aux) (./structlight.aux) (./control_8h.aux) (./convert_8h.aux)
(./display_8h.aux) (./file_8h.aux) (./graph_8h.aux) (./lights_8h.aux)
(./main_8h.aux) (./movie_8h.aux) (./savegraph_8h.aux) (./screenshot_8h.aux))

LaTeX Warning: There were undefined references.

 ) 
Here is how much of TeX's memory you used:
 2164 strings out of 95437
 27665 string characters out of 1190233
 76924 words of memory out of 1000001
 5046 multiletter control sequences out of 10000+50000
 14253 words of font info for 29 fonts, out of 500000 for 1000
 14 hyphenation exceptions out of 1000
 29i,11n,43p,321b,507s stack positions out of 1500i,500n,5000p,200000b,5000s
 146 PDF objects out of 300000
 0 named destinations out of 131072
 0 words of extra memory for PDF output out of 65536
 </var/cache/fonts/pk/ljfour/jknappen/ec/ecbi1000.600pk>{/usr/share/texmf/dvi
ps/tetex/bbad153f.enc}</usr/share/texmf/fonts/type1/bluesky/cm/cmsy10.pfb> </va
r/cache/fonts/pk/ljfour/jknappen/tc/tcrm1000.600pk> </var/cache/fonts/pk/ljfour
/jknappen/ec/ecbx1200.600pk>{/usr/share/texmf/dvips/tetex/aae443f0.enc}</usr/sh
are/texmf/fonts/type1/bluesky/cm/cmmi10.pfb> </var/cache/fonts/pk/ljfour/jknapp
en/ec/ectt1000.600pk> </var/cache/fonts/pk/ljfour/jknappen/ec/ecbx0700.600pk> <
/var/cache/fonts/pk/ljfour/jknappen/ec/ecbx1440.600pk> </var/cache/fonts/pk/ljf
our/jknappen/ec/ecbx2074.600pk> </var/cache/fonts/pk/ljfour/jknappen/ec/ecrm100
0.600pk> </var/cache/fonts/pk/ljfour/jknappen/ec/ecbx1000.600pk> </var/cache/fo
nts/pk/ljfour/jknappen/ec/ecbx2488.600pk> </var/cache/fonts/pk/ljfour/jknappen/
ec/ecrm0900.600pk> </var/cache/fonts/pk/ljfour/jknappen/ec/ecrm1200.600pk> </va
r/cache/fonts/pk/ljfour/jknappen/ec/ecrm1440.600pk>
Output written on refman.pdf (40 pages, 193796 bytes).
